# JRE version: OpenJDK Runtime Environment Temurin-21.0.9+10 (21.0.9+10) (build 21.0.9+10-LTS)
# Java VM: OpenJDK 64-Bit Server VM Temurin-21.0.9+10 (21.0.9+10-LTS, mixed mode, sharing, tiered, compressed oops, compressed class ptrs, parallel gc, windows-amd64)
GC Precious Log:
 CardTable entry size: 512
 CPUs: 8 total, 8 available
 Memory: 7926M
 Large Page Support: Disabled
 NUMA Support: Disabled
 Compressed Oops: Enabled (32-bit)
 Alignments: Space 512K, Generation 512K, Heap 2M
 Heap Min Capacity: 100M
 Heap Initial Capacity: 100M
 Heap Max Capacity: 2G
 Pre-touch: Disabled
 Parallel Workers: 8
Heap:
 PSYoungGen      total 5632K, used 2983K [0x00000000d5580000, 0x00000000d5d00000, 0x0000000100000000)
  eden space 5120K, 50% used [0x00000000d5580000,0x00000000d5809c40,0x00000000d5a80000)
  from space 512K, 75% used [0x00000000d5c00000,0x00000000d5c60000,0x00000000d5c80000)
  to   space 512K, 0% used [0x00000000d5c80000,0x00000000d5c80000,0x00000000d5d00000)
 ParOldGen       total 1368576K, used 1368354K [0x0000000080000000, 0x00000000d3880000, 0x00000000d5580000)
  object space 1368576K, 99% used [0x0000000080000000,0x00000000d3848b88,0x00000000d3880000)
 Metaspace       used 94331K, committed 96192K, reserved 1179648K
  class space    used 9760K, committed 10560K, reserved 1048576K
GC Heap History (20 events):
Event: 965.869 GC heap before
{Heap before GC invocations=1460 (full 4):
 PSYoungGen      total 6144K, used 5896K [0x00000000d5580000, 0x00000000d6480000, 0x0000000100000000)
  eden space 4096K, 94% used [0x00000000d5580000,0x00000000d59492f0,0x00000000d5980000)
  from space 2048K, 98% used [0x00000000d5b00000,0x00000000d5cf9100,0x00000000d5d00000)
  to   space 5632K, 0% used [0x00000000d5f00000,0x00000000d5f00000,0x00000000d6480000)
 ParOldGen       total 1361408K, used 1360907K [0x0000000080000000, 0x00000000d3180000, 0x00000000d5580000)
  object space 1361408K, 99% used [0x0000000080000000,0x00000000d3102ea8,0x00000000d3180000)
 Metaspace       used 94285K, committed 96128K, reserved 1179648K
  class space    used 9757K, committed 10560K, reserved 1048576K
}
Event: 965.880 GC heap after
{Heap after GC invocations=1460 (full 4):
 PSYoungGen      total 8704K, used 3120K [0x00000000d5580000, 0x00000000d6280000, 0x0000000100000000)
  eden space 5120K, 0% used [0x00000000d5580000,0x00000000d5580000,0x00000000d5a80000)
  from space 3584K, 87% used [0x00000000d5f00000,0x00000000d620c000,0x00000000d6280000)
  to   space 4096K, 0% used [0x00000000d5a80000,0x00000000d5a80000,0x00000000d5e80000)
 ParOldGen       total 1363456K, used 1363452K [0x0000000080000000, 0x00000000d3380000, 0x00000000d5580000)
  object space 1363456K, 99% used [0x0000000080000000,0x00000000d337f0a8,0x00000000d3380000)
 Metaspace       used 94285K, committed 96128K, reserved 1179648K
  class space    used 9757K, committed 10560K, reserved 1048576K
}
Event: 966.358 GC heap before
{Heap before GC invocations=1461 (full 4):
 PSYoungGen      total 8704K, used 8240K [0x00000000d5580000, 0x00000000d6280000, 0x0000000100000000)
  eden space 5120K, 100% used [0x00000000d5580000,0x00000000d5a80000,0x00000000d5a80000)
  from space 3584K, 87% used [0x00000000d5f00000,0x00000000d620c000,0x00000000d6280000)
  to   space 4096K, 0% used [0x00000000d5a80000,0x00000000d5a80000,0x00000000d5e80000)
 ParOldGen       total 1363456K, used 1363452K [0x0000000080000000, 0x00000000d3380000, 0x00000000d5580000)
  object space 1363456K, 99% used [0x0000000080000000,0x00000000d337f0a8,0x00000000d3380000)
 Metaspace       used 94298K, committed 96128K, reserved 1179648K
  class space    used 9757K, committed 10560K, reserved 1048576K
}
Event: 966.369 GC heap after
{Heap after GC invocations=1461 (full 4):
 PSYoungGen      total 7168K, used 1632K [0x00000000d5580000, 0x00000000d5f80000, 0x0000000100000000)
  eden space 5120K, 0% used [0x00000000d5580000,0x00000000d5580000,0x00000000d5a80000)
  from space 2048K, 79% used [0x00000000d5a80000,0x00000000d5c18000,0x00000000d5c80000)
  to   space 2560K, 0% used [0x00000000d5d00000,0x00000000d5d00000,0x00000000d5f80000)
 ParOldGen       total 1366528K, used 1366164K [0x0000000080000000, 0x00000000d3680000, 0x00000000d5580000)
  object space 1366528K, 99% used [0x0000000080000000,0x00000000d36250a8,0x00000000d3680000)
 Metaspace       used 94298K, committed 96128K, reserved 1179648K
  class space    used 9757K, committed 10560K, reserved 1048576K
}
Event: 966.437 GC heap before
{Heap before GC invocations=1462 (full 4):
 PSYoungGen      total 7168K, used 6751K [0x00000000d5580000, 0x00000000d5f80000, 0x0000000100000000)
  eden space 5120K, 99% used [0x00000000d5580000,0x00000000d5a7ffd0,0x00000000d5a80000)
  from space 2048K, 79% used [0x00000000d5a80000,0x00000000d5c18000,0x00000000d5c80000)
  to   space 2560K, 0% used [0x00000000d5d00000,0x00000000d5d00000,0x00000000d5f80000)
 ParOldGen       total 1366528K, used 1366164K [0x0000000080000000, 0x00000000d3680000, 0x00000000d5580000)
  object space 1366528K, 99% used [0x0000000080000000,0x00000000d36250a8,0x00000000d3680000)
 Metaspace       used 94298K, committed 96128K, reserved 1179648K
  class space    used 9757K, committed 10560K, reserved 1048576K
}
Event: 966.447 GC heap after
{Heap after GC invocations=1462 (full 4):
 PSYoungGen      total 6144K, used 928K [0x00000000d5580000, 0x00000000d5e00000, 0x0000000100000000)
  eden space 5120K, 0% used [0x00000000d5580000,0x00000000d5580000,0x00000000d5a80000)
  from space 1024K, 90% used [0x00000000d5d00000,0x00000000d5de8000,0x00000000d5e00000)
  to   space 1536K, 0% used [0x00000000d5b00000,0x00000000d5b00000,0x00000000d5c80000)
 ParOldGen       total 1368064K, used 1367666K [0x0000000080000000, 0x00000000d3800000, 0x00000000d5580000)
  object space 1368064K, 99% used [0x0000000080000000,0x00000000d379c978,0x00000000d3800000)
 Metaspace       used 94298K, committed 96128K, reserved 1179648K
  class space    used 9757K, committed 10560K, reserved 1048576K
}
Event: 966.500 GC heap before
{Heap before GC invocations=1463 (full 4):
 PSYoungGen      total 6144K, used 6047K [0x00000000d5580000, 0x00000000d5e00000, 0x0000000100000000)
  eden space 5120K, 99% used [0x00000000d5580000,0x00000000d5a7fff8,0x00000000d5a80000)
  from space 1024K, 90% used [0x00000000d5d00000,0x00000000d5de8000,0x00000000d5e00000)
  to   space 1536K, 0% used [0x00000000d5b00000,0x00000000d5b00000,0x00000000d5c80000)
 ParOldGen       total 1368064K, used 1367666K [0x0000000080000000, 0x00000000d3800000, 0x00000000d5580000)
  object space 1368064K, 99% used [0x0000000080000000,0x00000000d379c978,0x00000000d3800000)
 Metaspace       used 94298K, committed 96128K, reserved 1179648K
  class space    used 9757K, committed 10560K, reserved 1048576K
}
Event: 966.506 GC heap after
{Heap after GC invocations=1463 (full 4):
 PSYoungGen      total 6656K, used 224K [0x00000000d5580000, 0x00000000d5d80000, 0x0000000100000000)
  eden space 5120K, 0% used [0x00000000d5580000,0x00000000d5580000,0x00000000d5a80000)
  from space 1536K, 14% used [0x00000000d5b00000,0x00000000d5b38000,0x00000000d5c80000)
  to   space 1024K, 0% used [0x00000000d5c80000,0x00000000d5c80000,0x00000000d5d80000)
 ParOldGen       total 1368064K, used 1367998K [0x0000000080000000, 0x00000000d3800000, 0x00000000d5580000)
  object space 1368064K, 99% used [0x0000000080000000,0x00000000d37ef988,0x00000000d3800000)
 Metaspace       used 94298K, committed 96128K, reserved 1179648K
  class space    used 9757K, committed 10560K, reserved 1048576K
}
Event: 977.863 GC heap before
{Heap before GC invocations=1464 (full 4):
 PSYoungGen      total 6656K, used 5344K [0x00000000d5580000, 0x00000000d5d80000, 0x0000000100000000)
  eden space 5120K, 100% used [0x00000000d5580000,0x00000000d5a80000,0x00000000d5a80000)
  from space 1536K, 14% used [0x00000000d5b00000,0x00000000d5b38000,0x00000000d5c80000)
  to   space 1024K, 0% used [0x00000000d5c80000,0x00000000d5c80000,0x00000000d5d80000)
 ParOldGen       total 1368064K, used 1367998K [0x0000000080000000, 0x00000000d3800000, 0x00000000d5580000)
  object space 1368064K, 99% used [0x0000000080000000,0x00000000d37ef988,0x00000000d3800000)
 Metaspace       used 94305K, committed 96128K, reserved 1179648K
  class space    used 9758K, committed 10560K, reserved 1048576K
}
Event: 977.871 GC heap after
{Heap after GC invocations=1464 (full 4):
 PSYoungGen      total 5632K, used 192K [0x00000000d5580000, 0x00000000d5d00000, 0x0000000100000000)
  eden space 5120K, 0% used [0x00000000d5580000,0x00000000d5580000,0x00000000d5a80000)
  from space 512K, 37% used [0x00000000d5c80000,0x00000000d5cb0000,0x00000000d5d00000)
  to   space 512K, 0% used [0x00000000d5c00000,0x00000000d5c00000,0x00000000d5c80000)
 ParOldGen       total 1368064K, used 1368030K [0x0000000080000000, 0x00000000d3800000, 0x00000000d5580000)
  object space 1368064K, 99% used [0x0000000080000000,0x00000000d37f7988,0x00000000d3800000)
 Metaspace       used 94305K, committed 96128K, reserved 1179648K
  class space    used 9758K, committed 10560K, reserved 1048576K
}
Event: 977.901 GC heap before
{Heap before GC invocations=1465 (full 4):
 PSYoungGen      total 5632K, used 5312K [0x00000000d5580000, 0x00000000d5d00000, 0x0000000100000000)
  eden space 5120K, 100% used [0x00000000d5580000,0x00000000d5a80000,0x00000000d5a80000)
  from space 512K, 37% used [0x00000000d5c80000,0x00000000d5cb0000,0x00000000d5d00000)
  to   space 512K, 0% used [0x00000000d5c00000,0x00000000d5c00000,0x00000000d5c80000)
 ParOldGen       total 1368064K, used 1368030K [0x0000000080000000, 0x00000000d3800000, 0x00000000d5580000)
  object space 1368064K, 99% used [0x0000000080000000,0x00000000d37f7988,0x00000000d3800000)
 Metaspace       used 94307K, committed 96128K, reserved 1179648K
  class space    used 9758K, committed 10560K, reserved 1048576K
}
Event: 977.906 GC heap after
{Heap after GC invocations=1465 (full 4):
 PSYoungGen      total 5632K, used 352K [0x00000000d5580000, 0x00000000d5d00000, 0x0000000100000000)
  eden space 5120K, 0% used [0x00000000d5580000,0x00000000d5580000,0x00000000d5a80000)
  from space 512K, 68% used [0x00000000d5c00000,0x00000000d5c58000,0x00000000d5c80000)
  to   space 512K, 0% used [0x00000000d5c80000,0x00000000d5c80000,0x00000000d5d00000)
 ParOldGen       total 1368576K, used 1368144K [0x0000000080000000, 0x00000000d3880000, 0x00000000d5580000)
  object space 1368576K, 99% used [0x0000000080000000,0x00000000d3814288,0x00000000d3880000)
 Metaspace       used 94307K, committed 96128K, reserved 1179648K
  class space    used 9758K, committed 10560K, reserved 1048576K
}
Event: 977.935 GC heap before
{Heap before GC invocations=1466 (full 4):
 PSYoungGen      total 5632K, used 5472K [0x00000000d5580000, 0x00000000d5d00000, 0x0000000100000000)
  eden space 5120K, 100% used [0x00000000d5580000,0x00000000d5a80000,0x00000000d5a80000)
  from space 512K, 68% used [0x00000000d5c00000,0x00000000d5c58000,0x00000000d5c80000)
  to   space 512K, 0% used [0x00000000d5c80000,0x00000000d5c80000,0x00000000d5d00000)
 ParOldGen       total 1368576K, used 1368144K [0x0000000080000000, 0x00000000d3880000, 0x00000000d5580000)
  object space 1368576K, 99% used [0x0000000080000000,0x00000000d3814288,0x00000000d3880000)
 Metaspace       used 94307K, committed 96128K, reserved 1179648K
  class space    used 9758K, committed 10560K, reserved 1048576K
}
Event: 977.940 GC heap after
{Heap after GC invocations=1466 (full 4):
 PSYoungGen      total 5632K, used 256K [0x00000000d5580000, 0x00000000d5d00000, 0x0000000100000000)
  eden space 5120K, 0% used [0x00000000d5580000,0x00000000d5580000,0x00000000d5a80000)
  from space 512K, 50% used [0x00000000d5c80000,0x00000000d5cc0000,0x00000000d5d00000)
  to   space 512K, 0% used [0x00000000d5c00000,0x00000000d5c00000,0x00000000d5c80000)
 ParOldGen       total 1368576K, used 1368208K [0x0000000080000000, 0x00000000d3880000, 0x00000000d5580000)
  object space 1368576K, 99% used [0x0000000080000000,0x00000000d3824288,0x00000000d3880000)
 Metaspace       used 94307K, committed 96128K, reserved 1179648K
  class space    used 9758K, committed 10560K, reserved 1048576K
}
Event: 977.964 GC heap before
{Heap before GC invocations=1467 (full 4):
 PSYoungGen      total 5632K, used 5376K [0x00000000d5580000, 0x00000000d5d00000, 0x0000000100000000)
  eden space 5120K, 100% used [0x00000000d5580000,0x00000000d5a80000,0x00000000d5a80000)
  from space 512K, 50% used [0x00000000d5c80000,0x00000000d5cc0000,0x00000000d5d00000)
  to   space 512K, 0% used [0x00000000d5c00000,0x00000000d5c00000,0x00000000d5c80000)
 ParOldGen       total 1368576K, used 1368208K [0x0000000080000000, 0x00000000d3880000, 0x00000000d5580000)
  object space 1368576K, 99% used [0x0000000080000000,0x00000000d3824288,0x00000000d3880000)
 Metaspace       used 94308K, committed 96128K, reserved 1179648K
  class space    used 9758K, committed 10560K, reserved 1048576K
}
Event: 977.969 GC heap after
{Heap after GC invocations=1467 (full 4):
 PSYoungGen      total 5632K, used 352K [0x00000000d5580000, 0x00000000d5d00000, 0x0000000100000000)
  eden space 5120K, 0% used [0x00000000d5580000,0x00000000d5580000,0x00000000d5a80000)
  from space 512K, 68% used [0x00000000d5c00000,0x00000000d5c58000,0x00000000d5c80000)
  to   space 512K, 0% used [0x00000000d5c80000,0x00000000d5c80000,0x00000000d5d00000)
 ParOldGen       total 1368576K, used 1368274K [0x0000000080000000, 0x00000000d3880000, 0x00000000d5580000)
  object space 1368576K, 99% used [0x0000000080000000,0x00000000d3834b88,0x00000000d3880000)
 Metaspace       used 94308K, committed 96128K, reserved 1179648K
  class space    used 9758K, committed 10560K, reserved 1048576K
}
Event: 978.026 GC heap before
{Heap before GC invocations=1468 (full 4):
 PSYoungGen      total 5632K, used 5472K [0x00000000d5580000, 0x00000000d5d00000, 0x0000000100000000)
  eden space 5120K, 100% used [0x00000000d5580000,0x00000000d5a80000,0x00000000d5a80000)
  from space 512K, 68% used [0x00000000d5c00000,0x00000000d5c58000,0x00000000d5c80000)
  to   space 512K, 0% used [0x00000000d5c80000,0x00000000d5c80000,0x00000000d5d00000)
 ParOldGen       total 1368576K, used 1368274K [0x0000000080000000, 0x00000000d3880000, 0x00000000d5580000)
  object space 1368576K, 99% used [0x0000000080000000,0x00000000d3834b88,0x00000000d3880000)
 Metaspace       used 94308K, committed 96128K, reserved 1179648K
  class space    used 9758K, committed 10560K, reserved 1048576K
}
Event: 978.033 GC heap after
{Heap after GC invocations=1468 (full 4):
 PSYoungGen      total 5632K, used 192K [0x00000000d5580000, 0x00000000d5d00000, 0x0000000100000000)
  eden space 5120K, 0% used [0x00000000d5580000,0x00000000d5580000,0x00000000d5a80000)
  from space 512K, 37% used [0x00000000d5c80000,0x00000000d5cb0000,0x00000000d5d00000)
  to   space 512K, 0% used [0x00000000d5c00000,0x00000000d5c00000,0x00000000d5c80000)
 ParOldGen       total 1368576K, used 1368330K [0x0000000080000000, 0x00000000d3880000, 0x00000000d5580000)
  object space 1368576K, 99% used [0x0000000080000000,0x00000000d3842b88,0x00000000d3880000)
 Metaspace       used 94308K, committed 96128K, reserved 1179648K
  class space    used 9758K, committed 10560K, reserved 1048576K
}
Event: 982.680 GC heap before
{Heap before GC invocations=1469 (full 4):
 PSYoungGen      total 5632K, used 5312K [0x00000000d5580000, 0x00000000d5d00000, 0x0000000100000000)
  eden space 5120K, 100% used [0x00000000d5580000,0x00000000d5a80000,0x00000000d5a80000)
  from space 512K, 37% used [0x00000000d5c80000,0x00000000d5cb0000,0x00000000d5d00000)
  to   space 512K, 0% used [0x00000000d5c00000,0x00000000d5c00000,0x00000000d5c80000)
 ParOldGen       total 1368576K, used 1368330K [0x0000000080000000, 0x00000000d3880000, 0x00000000d5580000)
  object space 1368576K, 99% used [0x0000000080000000,0x00000000d3842b88,0x00000000d3880000)
 Metaspace       used 94319K, committed 96128K, reserved 1179648K
  class space    used 9758K, committed 10560K, reserved 1048576K
}
Event: 982.690 GC heap after
{Heap after GC invocations=1469 (full 4):
 PSYoungGen      total 5632K, used 384K [0x00000000d5580000, 0x00000000d5d00000, 0x0000000100000000)
  eden space 5120K, 0% used [0x00000000d5580000,0x00000000d5580000,0x00000000d5a80000)
  from space 512K, 75% used [0x00000000d5c00000,0x00000000d5c60000,0x00000000d5c80000)
  to   space 512K, 0% used [0x00000000d5c80000,0x00000000d5c80000,0x00000000d5d00000)
 ParOldGen       total 1368576K, used 1368354K [0x0000000080000000, 0x00000000d3880000, 0x00000000d5580000)
  object space 1368576K, 99% used [0x0000000080000000,0x00000000d3848b88,0x00000000d3880000)
 Metaspace       used 94319K, committed 96128K, reserved 1179648K
  class space    used 9758K, committed 10560K, reserved 1048576K
}

